<?xml version="1.0" encoding="UTF-8"?>
<testng-results ignored="0" total="0" passed="0" failed="0" skipped="0">
  <reporter-output>
  </reporter-output>
  <suite started-at="2023-11-11T09:20:08 IST" name="Default suite" finished-at="2023-11-11T09:20:09 IST" duration-ms="870">
    <groups>
      <group name="cucumber">
        <method signature="AbstractTestNGCucumberTests.runScenario(io.cucumber.testng.PickleWrapper,io.cucumber.testng.FeatureWrapper)[pri:0, instance:com.Definitions.FeatureRunner@3a3e78f]" name="runScenario" class="io.cucumber.testng.AbstractTestNGCucumberTests"/>
      </group> <!-- cucumber -->
    </groups>
    <test started-at="2023-11-11T09:20:08 IST" name="Default test" finished-at="2023-11-11T09:20:09 IST" duration-ms="870">
      <class name="com.Definitions.FeatureRunner">
        <test-method is-config="true" signature="setUpClass(org.testng.ITestContext)[pri:0, instance:com.Definitions.FeatureRunner@3a3e78f]" started-at="2023-11-11T09:20:08 IST" name="setUpClass" finished-at="2023-11-11T09:20:09 IST" duration-ms="733" status="PASS">
          <params>
            <param index="0">
              <value>
                <![CDATA[org.testng.TestRunner@41382722]]>
              </value>
            </param>
          </params>
          <reporter-output>
          </reporter-output>
        </test-method> <!-- setUpClass -->
        <test-method is-config="true" signature="tearDownClass()[pri:0, instance:com.Definitions.FeatureRunner@3a3e78f]" started-at="2023-11-11T09:20:09 IST" name="tearDownClass" finished-at="2023-11-11T09:20:09 IST" duration-ms="5" status="PASS">
          <reporter-output>
          </reporter-output>
        </test-method> <!-- tearDownClass -->
      </class> <!-- com.Definitions.FeatureRunner -->
    </test> <!-- Default test -->
  </suite> <!-- Default suite -->
</testng-results>
